<?xml version="1.0" encoding="UTF-8"?>
<testsuite xmlns:xsi="http://www.w3.org/2001/XMLSchema-instance" xsi:noNamespaceSchemaLocation="https://maven.apache.org/surefire/maven-surefire-plugin/xsd/surefire-test-report-3.0.xsd" version="3.0" name="dbms.DataServiceTest" time="46.728" tests="8" errors="0" skipped="0" failures="0">
  <properties>
[...]
</properties>
  <testcase name="testGetCategoryTrend" classname="dbms.DataServiceTest" time="2.092">
    <system-out><![CDATA[Repo: Opening new permanent connection to DB...
Repo: Connection established.
]]></system-out>
  </testcase>
  <testcase name="testVLDBJournalFix" classname="dbms.DataServiceTest" time="14.966">
    <system-out><![CDATA[Repo: [START] findJournalByName for [VLDB Journal]
Repo: Opening new permanent connection to DB...
Repo: Connection established.
VLDB Journal Profile Fixed! Pubs: 2442
Service: Fetching papers for venue [VLDB Journal]
Repo: getPapersByEntity type=venue, value=[VLDB Journal], offset=0
]]></system-out>
  </testcase>
  <testcase name="testGetAuthorProfile" classname="dbms.DataServiceTest" time="0.147">
    <system-out><![CDATA[Repo: [START] findAuthorByName for [Philip S. Yu]
Repo: Opening new permanent connection to DB...
Repo: Connection established.
Author profile retrieval successful. Venue: International Conference on Data Engineering (56 publications)
Repo: [START] findAuthorByName for [Jiawei Han]
]]></system-out>
  </testcase>
  <testcase name="testSearchVenuesFastPerformance" classname="dbms.DataServiceTest" time="3.417">
    <system-out><![CDATA[Repo: Opening new permanent connection to DB...
Repo: Connection established.
searchEntitiesDetailed took: 1682 ms. Found: 2
searchVenuesFast took: 21 ms. Found: 2
Fast Venue Autocomplete Performance Improvement Ratio: 80.0952380952381x faster!
]]></system-out>
  </testcase>
  <testcase name="testGetPaperDetailsPagination" classname="dbms.DataServiceTest" time="0.012">
    <system-out><![CDATA[Service: Fetching papers for year [2022]
Repo: getPapersByEntity type=year, value=[2022], offset=0
Repo: Opening new permanent connection to DB...
Repo: Connection established.
Paper details pagination successful. Total count: 0
]]></system-out>
  </testcase>
  <testcase name="testGetEnrichedPubs" classname="dbms.DataServiceTest" time="25.982">
    <system-out><![CDATA[Repo: Opening new permanent connection to DB...
Repo: Connection established.
]]></system-out>
  </testcase>
  <testcase name="testGetConferenceProfile" classname="dbms.DataServiceTest" time="0.046">
    <system-out><![CDATA[Repo: [START] findConferenceByName for [VLDB]
Repo: Opening new permanent connection to DB...
Repo: Connection established.
Repo: No exact venue match. Trying fuzzy...
Conference profile retrieval successful.
]]></system-out>
  </testcase>
  <testcase name="testGetJournalProfile" classname="dbms.DataServiceTest" time="0.056">
    <system-out><![CDATA[Repo: [START] findJournalByName for [Nature]
Repo: Opening new permanent connection to DB...
Repo: Connection established.
Journal profile retrieval successful.
]]></system-out>
  </testcase>
</testsuite>